[181月2025 05:36:46.026] [main/INFO] [cpw.mods.modlauncher.Launcher/MODLAUNCHER]: ModLauncher running: args [--launchTarget, forgeclientuserdev, --version, 21.1.95, --assetIndex, 17, --assetsDir, C:\\Users\\moe_l\\.gradle\\caches\\neoformruntime\\assets, --gameDir, ., --fml.neoForgeVersion, 21.1.95, --fml.fmlVersion, 4.0.34, --fml.mcVersion, 1.21.1, --fml.neoFormVersion, 20240808.144430]
[181月2025 05:36:46.030] [main/INFO] [cpw.mods.modlauncher.Launcher/MODLAUNCHER]: JVM identified as BellSoft OpenJDK 64-Bit Server VM 21.0.4+9-LTS
[181月2025 05:36:46.031] [main/INFO] [cpw.mods.modlauncher.Launcher/MODLAUNCHER]: ModLauncher 11.0.4+main.d2e20e43 starting: java version 21.0.4 by BellSoft; OS Windows 11 arch amd64 version 10.0
[181月2025 05:36:46.146] [main/INFO] [net.neoforged.fml.loading.ImmediateWindowHandler/]: Loading ImmediateWindowProvider fmlearlywindow
[181月2025 05:36:46.264] [main/INFO] [EARLYDISPLAY/]: Trying GL version 4.6
[181月2025 05:36:46.652] [main/INFO] [EARLYDISPLAY/]: Requested GL version 4.6 got version 4.6
[181月2025 05:36:46.769] [main/INFO] [mixin/]: SpongePowered MIXIN Subsystem Version=0.8.7 Source=union:/C:/Users/moe_l/.gradle/caches/modules-2/files-2.1/net.fabricmc/sponge-mixin/0.15.2+mixin.0.8.7/2af2f021d8e02a0220dc27a7a72b4666d66d44ca/sponge-mixin-0.15.2+mixin.0.8.7.jar%23131!/ Service=ModLauncher Env=CLIENT
[181月2025 05:36:47.037] [pool-2-thread-1/INFO] [EARLYDISPLAY/]: GL info: NVIDIA GeForce RTX 3070 Laptop GPU/PCIe/SSE2 GL version 4.6.0 NVIDIA 566.14, NVIDIA Corporation
[181月2025 05:36:47.351] [main/WARN] [net.neoforged.jarjar.selection.JarSelector/]: Attempted to select a dependency jar for JarJar which was passed in as source: library:Registrate.MC1._21._55. Using Mod File: C:\Users\moe_l\.gradle\caches\modules-2\files-2.1\com.tterrag.registrate\Registrate\MC1.21-1.3.0+55\9ea0169e3ca277ce00fdc5901d1dc671b8fe4da9\Registrate-MC1.21-1.3.0+55.jar
[181月2025 05:36:47.351] [main/WARN] [net.neoforged.jarjar.selection.JarSelector/]: Attempted to select a dependency jar for JarJar which was passed in as source: cloth_config. Using Mod File: C:\Users\moe_l\.gradle\caches\modules-2\files-2.1\me.shedaniel.cloth\cloth-config-neoforge\15.0.130\4ff6b51cfb5c6cac437b18067d991a0f5f8743a7\cloth-config-neoforge-15.0.130-neoforge.jar
[181月2025 05:36:47.351] [main/WARN] [net.neoforged.jarjar.selection.JarSelector/]: Attempted to select a dependency jar for JarJar which was passed in as source: anvillib. Using Mod File: C:\Users\moe_l\.gradle\caches\modules-2\files-2.1\dev.anvilcraft.lib\anvillib-neoforge-1.21.1\1.1.0+build.97\a0805170165d91ccddc831abe3ad259bf07164ba\anvillib-neoforge-1.21.1-1.1.0+build.97.jar
[181月2025 05:36:47.352] [main/INFO] [net.neoforged.fml.loading.moddiscovery.locators.JarInJarDependencyLocator/]: Found 4 dependencies adding them to mods collection
[181月2025 05:36:47.355] [main/INFO] [net.neoforged.fml.loading.moddiscovery.ModDiscoverer/]: 
     Mod List:
		Name Version (Mod Id)

		AnvilCraft 1.4.2 (anvilcraft)
		Anvilcraft-Fooding 1.0-SNAPSHOT (anvilcraft_fooding)
		AnvilLib 1.1.0 (anvillib)
		Cloth Config v15 API 15.0.130 (cloth_config)
		Curios API 9.0.15+1.21.1 (curios)
		Jade 15.3.4+neoforge (jade)
		Just Enough Items 19.17.0.193 (jei)
		KubeJS 2101.7.1-build.181 (kubejs)
		Minecraft 1.21.1 (minecraft)
		NeoForge 21.1.95 (neoforge)
		Patchouli 1.21-87-NEOFORGE (patchouli)
		Rhino 2101.2.5-build.54 (rhino)
		The One Probe 1.21_neo-12.0.3-5 (theoneprobe)
[181月2025 05:36:48.397] [main/INFO] [mixin/]: Compatibility level set to JAVA_21
[181月2025 05:36:48.421] [main/INFO] [cpw.mods.modlauncher.LaunchServiceHandler/MODLAUNCHER]: Launching target 'forgeclientuserdev' with arguments [--version, 21.1.95, --gameDir, ., --assetsDir, C:\Users\moe_l\.gradle\caches\neoformruntime\assets, --assetIndex, 17]
[181月2025 05:36:48.496] [main/WARN] [mixin/]: Reference map 'anvillib.refmap.json' for anvillib.mixins.json could not be read. If this is a development environment you can ignore this message
[181月2025 05:36:48.497] [main/WARN] [mixin/]: Reference map 'curios.refmap.json' for curios.neoforge.mixins.json could not be read. If this is a development environment you can ignore this message
[181月2025 05:36:48.498] [main/WARN] [mixin/]: Reference map 'curios.refmap.json' for curios.mixins.json could not be read. If this is a development environment you can ignore this message
[181月2025 05:36:48.498] [main/WARN] [mixin/]: Reference map 'patchouli.refmap.json' for patchouli_xplat.mixins.json could not be read. If this is a development environment you can ignore this message
[181月2025 05:36:48.506] [main/WARN] [mixin/]: Reference map 'anvilcraft_fooding.refmap.json' for anvilcraft_fooding.mixins.json could not be read. If this is a development environment you can ignore this message
[181月2025 05:36:48.992] [main/WARN] [mixin/]: Error loading class: mezz/modnametooltip/TooltipEventHandler (java.lang.ClassNotFoundException: mezz.modnametooltip.TooltipEventHandler)
[181月2025 05:36:48.993] [main/WARN] [mixin/]: Error loading class: me/shedaniel/rei/impl/client/ClientHelperImpl (java.lang.ClassNotFoundException: me.shedaniel.rei.impl.client.ClientHelperImpl)
[181月2025 05:36:49.155] [main/WARN] [mixin/]: Error loading class: org/embeddedt/embeddium/impl/render/chunk/compile/tasks/ChunkBuilderMeshingTask (java.lang.ClassNotFoundException: org.embeddedt.embeddium.impl.render.chunk.compile.tasks.ChunkBuilderMeshingTask)
[181月2025 05:36:49.155] [main/WARN] [mixin/]: @Mixin target org.embeddedt.embeddium.impl.render.chunk.compile.tasks.ChunkBuilderMeshingTask was not found anvilcraft.mixins.json:compat.EmbChunkBuilderMeshingTaskMixin from mod anvilcraft
[181月2025 05:36:49.156] [main/WARN] [mixin/]: Error loading class: net/caffeinemc/mods/sodium/client/render/chunk/compile/tasks/ChunkBuilderMeshingTask (java.lang.ClassNotFoundException: net.caffeinemc.mods.sodium.client.render.chunk.compile.tasks.ChunkBuilderMeshingTask)
[181月2025 05:36:49.157] [main/WARN] [mixin/]: @Mixin target net.caffeinemc.mods.sodium.client.render.chunk.compile.tasks.ChunkBuilderMeshingTask was not found anvilcraft.mixins.json:compat.SodiumChunkBuilderMeshingTaskMixin from mod anvilcraft
[181月2025 05:36:49.249] [main/INFO] [MixinExtras|Service/]: Initializing MixinExtras via com.llamalad7.mixinextras.service.MixinExtrasServiceImpl(version=0.4.1).
[181月2025 05:36:51.144] [Datafixer Bootstrap/INFO] [com.mojang.datafixers.DataFixerBuilder/]: 229 Datafixer optimizations took 363 milliseconds
[181月2025 05:36:56.715] [main/WARN] [net.minecraft.commands.Commands/]: Ambiguity between arguments [teleport, location] and [teleport, destination] with inputs: [0.1 -0.5 .9, 0 0 0]
[181月2025 05:36:56.717] [main/WARN] [net.minecraft.commands.Commands/]: Ambiguity between arguments [teleport, location] and [teleport, targets] with inputs: [0.1 -0.5 .9, 0 0 0]
[181月2025 05:36:56.719] [main/WARN] [net.minecraft.commands.Commands/]: Ambiguity between arguments [teleport, destination] and [teleport, targets] with inputs: [Player, 0123, @e, dd12be42-52a9-4a91-a8a1-11c01849e498]
[181月2025 05:36:56.720] [main/WARN] [net.minecraft.commands.Commands/]: Ambiguity between arguments [teleport, targets] and [teleport, destination] with inputs: [Player, 0123, dd12be42-52a9-4a91-a8a1-11c01849e498]
[181月2025 05:36:56.721] [main/WARN] [net.minecraft.commands.Commands/]: Ambiguity between arguments [teleport, targets, location] and [teleport, targets, destination] with inputs: [0.1 -0.5 .9, 0 0 0]
[181月2025 05:36:56.805] [Render thread/WARN] [net.minecraft.server.packs.VanillaPackResourcesBuilder/]: Assets URL 'union:/D:/project/Anvilcraft-Fooding-Neo/build/moddev/artifacts/neoforge-21.1.95.jar%23183!/assets/.mcassetsroot' uses unexpected schema
[181月2025 05:36:56.806] [Render thread/WARN] [net.minecraft.server.packs.VanillaPackResourcesBuilder/]: Assets URL 'union:/D:/project/Anvilcraft-Fooding-Neo/build/moddev/artifacts/neoforge-21.1.95.jar%23183!/data/.mcassetsroot' uses unexpected schema
[181月2025 05:36:56.835] [Render thread/INFO] [com.mojang.authlib.yggdrasil.YggdrasilAuthenticationService/]: Environment: Environment[sessionHost=https://sessionserver.mojang.com, servicesHost=https://api.minecraftservices.com, name=PROD]
[181月2025 05:36:56.843] [Render thread/INFO] [net.minecraft.client.Minecraft/]: Setting user: Dev
[181月2025 05:36:56.964] [Render thread/INFO] [net.minecraft.client.Minecraft/]: Backend library: LWJGL version 3.3.3+5
[181月2025 05:36:57.391] [modloading-worker-0/INFO] [AnvilLib/]: curios's integrations is loading...
[181月2025 05:36:57.417] [modloading-worker-0/INFO] [AnvilLib/]: curios's integrations is loaded!
[181月2025 05:36:57.462] [modloading-worker-0/INFO] [net.neoforged.neoforge.common.NeoForgeMod/NEOFORGE-MOD]: NeoForge mod loading, version 21.1.95, for MC 1.21.1
[181月2025 05:36:57.754] [modloading-worker-0/INFO] [mezz.jei.library.load.PluginCaller/]: Sending ConfigManager...
[181月2025 05:36:57.862] [modloading-worker-0/INFO] [mezz.jei.library.load.PluginCaller/]: Sending ConfigManager took 16.46 ms
[181月2025 05:36:57.991] [modloading-worker-0/INFO] [KubeJS Startup/]: Capturing errors for startup scripts enabled
[181月2025 05:36:57.991] [modloading-worker-0/INFO] [KubeJS Client/]: Capturing errors for client scripts enabled
[181月2025 05:36:57.991] [modloading-worker-0/INFO] [KubeJS/]: Loading vanilla registries...
[181月2025 05:36:58.039] [modloading-worker-0/INFO] [KubeJS/]: Looking for KubeJS plugins...
[181月2025 05:36:58.048] [modloading-worker-0/INFO] [KubeJS/]: Found plugin source kubejs
[181月2025 05:36:58.052] [modloading-worker-0/WARN] [KubeJS/]: Plugin dev.latvian.mods.kubejs.integration.architectury.ArchitecturyIntegration does not have required mod 'architectury' loaded, skipping
[181月2025 05:36:58.052] [modloading-worker-0/WARN] [KubeJS/]: Plugin dev.latvian.mods.kubejs.integration.gamestages.GameStagesIntegration does not have required mod 'gamestages' loaded, skipping
[181月2025 05:36:58.053] [modloading-worker-0/INFO] [KubeJS/]: Found plugin source anvilcraft
[181月2025 05:36:58.054] [modloading-worker-0/INFO] [KubeJS/]: Done in 14.76 ms
[181月2025 05:36:58.541] [modloading-worker-0/INFO] [AnvilCraft/]: Ciallo～(∠・ω< )⌒★
[181月2025 05:36:58.541] [modloading-worker-0/INFO] [AnvilCraft/]: let's 0721!
[181月2025 05:36:58.600] [modloading-worker-0/INFO] [KubeJS Startup/]: startup_scripts:main.js#2: Hello, World! (Loaded startup example script)
[181月2025 05:36:58.601] [modloading-worker-0/INFO] [KubeJS Startup/]: Loaded script startup_scripts:main.js in 0.035 s
[181月2025 05:36:58.603] [modloading-worker-0/INFO] [KubeJS Startup/]: Loaded 1/1 KubeJS startup scripts in 0.539 s with 0 errors and 0 warnings
[181月2025 05:36:58.624] [modloading-worker-0/INFO] [KubeJS Client/]: client_scripts:main.js#2: Hello, World! (Loaded client example script)
[181月2025 05:36:58.624] [modloading-worker-0/INFO] [KubeJS Client/]: Loaded script client_scripts:main.js in 0.001 s
[181月2025 05:36:58.624] [modloading-worker-0/INFO] [KubeJS Client/]: Loaded 1/1 KubeJS client scripts in 0.019 s with 0 errors and 0 warnings
[181月2025 05:36:59.779] [Render thread/INFO] [net.neoforged.neoforge.gametest.GameTestHooks/]: Enabled Gametest Namespaces: [anvilcraft_fooding]
[181月2025 05:37:00.004] [Render thread/INFO] [KubeJS/]: Loaded 19 asset packs: vanilla, KubeJS Virtual Resource Pack [Before Mods, assets], mod_resources, mod/rhino, mod/theoneprobe, mod/jade, mod/anvillib, mod/jei, mod/kubejs, mod/cloth_config, mod/curios, mod/patchouli, mod/anvilcraft, mod/anvilcraft_fooding, KubeJS Virtual Resource Pack [Internal, assets], KubeJS Virtual Resource Pack [After Mods, assets], KubeJS File Resource Pack [assets], mod/neoforge, KubeJS Virtual Resource Pack [Last, assets]
[181月2025 05:37:00.005] [Render thread/INFO] [net.minecraft.server.packs.resources.ReloadableResourceManager/]: Reloading ResourceManager: vanilla, KubeJS Virtual Resource Pack [Before Mods, assets], mod_resources, mod/rhino, mod/theoneprobe, mod/jade, mod/anvillib, mod/jei, mod/kubejs, mod/cloth_config, mod/curios, mod/patchouli, mod/anvilcraft, mod/anvilcraft_fooding, KubeJS Virtual Resource Pack [Internal, assets], KubeJS Virtual Resource Pack [After Mods, assets], KubeJS File Resource Pack [assets], mod/neoforge, KubeJS Virtual Resource Pack [Last, assets]
[181月2025 05:37:00.020] [Worker-Main-5/INFO] [moe.lobster.anvilcraft_fooding.Anvilcraft_fooding/]: HELLO FROM COMMON SETUP
[181月2025 05:37:00.021] [Worker-Main-5/INFO] [moe.lobster.anvilcraft_fooding.Anvilcraft_fooding/]: DIRT BLOCK >> minecraft:dirt
[181月2025 05:37:00.021] [Worker-Main-5/INFO] [moe.lobster.anvilcraft_fooding.Anvilcraft_fooding/]: The magic number is... 42
[181月2025 05:37:00.021] [Worker-Main-5/INFO] [moe.lobster.anvilcraft_fooding.Anvilcraft_fooding/]: ITEM >> minecraft:iron_ingot
[181月2025 05:37:00.175] [Render thread/INFO] [KubeJS Client/]: Client resource reload complete!
[181月2025 05:37:00.178] [Worker-Main-14/INFO] [net.minecraft.client.gui.font.providers.UnihexProvider/]: Found unifont_all_no_pua-15.1.05.hex, loading
[181月2025 05:37:00.254] [Worker-Main-1/INFO] [net.minecraft.client.gui.font.providers.UnihexProvider/]: Found unifont_jp_patch-15.1.05.hex, loading
[181月2025 05:37:00.611] [Worker-Main-4/INFO] [AnvilLib/]: curios's client integrations is loading...
[181月2025 05:37:00.618] [Worker-Main-4/INFO] [AnvilLib/]: curios's client integrations is loaded!
[181月2025 05:37:00.682] [Worker-Main-5/INFO] [moe.lobster.anvilcraft_fooding.Anvilcraft_fooding/]: HELLO FROM CLIENT SETUP
[181月2025 05:37:00.682] [Worker-Main-5/INFO] [moe.lobster.anvilcraft_fooding.Anvilcraft_fooding/]: MINECRAFT NAME >> Dev
[181月2025 05:37:00.784] [Render thread/INFO] [KubeJS/]: Started the local web server at http://localhost:61423
[181月2025 05:37:01.134] [Worker-Main-5/WARN] [net.minecraft.client.resources.model.BlockStateModelLoader/]: Exception loading blockstate definition: 'anvilcraft_fooding:blockstates/example_block.json' missing model for variant: 'anvilcraft_fooding:example_block#'
[181月2025 05:37:01.136] [Worker-Main-5/WARN] [net.minecraft.client.resources.model.ModelBakery/]: Unable to load model: 'anvilcraft_fooding:item/example_item' referenced from: anvilcraft_fooding:item/example_item: java.io.FileNotFoundException: anvilcraft_fooding:models/item/example_item.json
[181月2025 05:37:01.138] [Worker-Main-5/WARN] [net.minecraft.client.resources.model.ModelBakery/]: Unable to load model: 'anvilcraft_fooding:item/example_block' referenced from: anvilcraft_fooding:item/example_block: java.io.FileNotFoundException: anvilcraft_fooding:models/item/example_block.json
[181月2025 05:37:01.951] [Worker-Main-1/INFO] [snownee.jade.Jade/]: Start loading plugin from snownee.jade.addon.vanilla.VanillaPlugin
[181月2025 05:37:01.992] [Worker-Main-1/INFO] [snownee.jade.Jade/]: Bootstrapped plugin from snownee.jade.addon.vanilla.VanillaPlugin in 39.22 ms
[181月2025 05:37:02.001] [Worker-Main-1/INFO] [snownee.jade.Jade/]: Loaded plugin from snownee.jade.addon.vanilla.VanillaPlugin in 46.86 ms
[181月2025 05:37:02.001] [Worker-Main-1/INFO] [snownee.jade.Jade/]: Start loading plugin from snownee.jade.addon.universal.UniversalPlugin
[181月2025 05:37:02.008] [Worker-Main-1/INFO] [snownee.jade.Jade/]: Bootstrapped plugin from snownee.jade.addon.universal.UniversalPlugin in 6.955 ms
[181月2025 05:37:02.008] [Worker-Main-1/INFO] [snownee.jade.Jade/]: Loaded plugin from snownee.jade.addon.universal.UniversalPlugin in 7.412 ms
[181月2025 05:37:02.008] [Worker-Main-1/INFO] [snownee.jade.Jade/]: Start loading plugin from snownee.jade.addon.debug.DebugPlugin
[181月2025 05:37:02.011] [Worker-Main-1/INFO] [snownee.jade.Jade/]: Bootstrapped plugin from snownee.jade.addon.debug.DebugPlugin in 1.867 ms
[181月2025 05:37:02.011] [Worker-Main-1/INFO] [snownee.jade.Jade/]: Loaded plugin from snownee.jade.addon.debug.DebugPlugin in 2.235 ms
[181月2025 05:37:02.011] [Worker-Main-1/INFO] [snownee.jade.Jade/]: Start loading plugin from snownee.jade.addon.core.CorePlugin
[181月2025 05:37:02.015] [Worker-Main-1/INFO] [snownee.jade.Jade/]: Bootstrapped plugin from snownee.jade.addon.core.CorePlugin in 3.814 ms
[181月2025 05:37:02.016] [Worker-Main-1/INFO] [snownee.jade.Jade/]: Loaded plugin from snownee.jade.addon.core.CorePlugin in 4.329 ms
[181月2025 05:37:02.017] [Worker-Main-1/INFO] [snownee.jade.Jade/]: Start loading plugin from snownee.jade.addon.access.AccessibilityPlugin
[181月2025 05:37:02.020] [Worker-Main-1/INFO] [snownee.jade.Jade/]: Bootstrapped plugin from snownee.jade.addon.access.AccessibilityPlugin in 3.010 ms
[181月2025 05:37:02.020] [Worker-Main-1/INFO] [snownee.jade.Jade/]: Loaded plugin from snownee.jade.addon.access.AccessibilityPlugin in 3.305 ms
[181月2025 05:37:02.020] [Worker-Main-1/INFO] [snownee.jade.Jade/]: Start loading plugin from dev.dubhe.anvilcraft.integration.jade.AnvilCraftJadePlugin
[181月2025 05:37:02.023] [Worker-Main-1/INFO] [snownee.jade.Jade/]: Bootstrapped plugin from dev.dubhe.anvilcraft.integration.jade.AnvilCraftJadePlugin in 1.533 ms
[181月2025 05:37:02.023] [Worker-Main-1/INFO] [snownee.jade.Jade/]: Loaded plugin from dev.dubhe.anvilcraft.integration.jade.AnvilCraftJadePlugin in 1.867 ms
[181月2025 05:37:02.062] [Render thread/INFO] [KubeJS Startup/]: Capturing errors for startup scripts disabled
[181月2025 05:37:02.062] [Render thread/INFO] [KubeJS Client/]: Capturing errors for client scripts disabled
[181月2025 05:37:02.064] [Render thread/INFO] [AnvilCraft/]: TheOneProbe found. Loading AnvilCraft TheOneProbe plugin...
[181月2025 05:37:02.295] [Render thread/WARN] [net.minecraft.client.resources.language.ClientLanguage/]: Skipped language file: patchouli:lang/zh_cn.json (com.google.gson.JsonSyntaxException: com.google.gson.stream.MalformedJsonException: Unterminated object at line 98 column 3 path $.patchouli.gui.lexicon.button.history)
[181月2025 05:37:02.319] [Render thread/WARN] [net.minecraft.client.sounds.SoundEngine/]: Missing sound for event: minecraft:item.goat_horn.play
[181月2025 05:37:02.319] [Render thread/WARN] [net.minecraft.client.sounds.SoundEngine/]: Missing sound for event: minecraft:entity.goat.screaming.horn_break
[181月2025 05:37:02.381] [Render thread/INFO] [com.mojang.blaze3d.audio.Library/]: OpenAL initialized on device OpenAL Soft on 扬声器 (HECATE G3 GAMING HEADSET)
[181月2025 05:37:02.382] [Render thread/INFO] [net.minecraft.client.sounds.SoundEngine/SOUNDS]: Sound engine started
[181月2025 05:37:02.479] [Render thread/INFO] [net.minecraft.client.renderer.texture.TextureAtlas/]: Created: 1024x1024x4 minecraft:textures/atlas/blocks.png-atlas
[181月2025 05:37:02.492] [Render thread/INFO] [net.minecraft.client.renderer.texture.TextureAtlas/]: Created: 256x256x4 minecraft:textures/atlas/signs.png-atlas
[181月2025 05:37:02.493] [Render thread/INFO] [net.minecraft.client.renderer.texture.TextureAtlas/]: Created: 512x512x4 minecraft:textures/atlas/shield_patterns.png-atlas
[181月2025 05:37:02.493] [Render thread/INFO] [net.minecraft.client.renderer.texture.TextureAtlas/]: Created: 512x512x4 minecraft:textures/atlas/banner_patterns.png-atlas
[181月2025 05:37:02.494] [Render thread/INFO] [net.minecraft.client.renderer.texture.TextureAtlas/]: Created: 1024x1024x4 minecraft:textures/atlas/armor_trims.png-atlas
[181月2025 05:37:02.498] [Render thread/INFO] [net.minecraft.client.renderer.texture.TextureAtlas/]: Created: 128x64x4 minecraft:textures/atlas/decorated_pot.png-atlas
[181月2025 05:37:02.498] [Render thread/INFO] [net.minecraft.client.renderer.texture.TextureAtlas/]: Created: 256x256x4 minecraft:textures/atlas/chest.png-atlas
[181月2025 05:37:02.498] [Render thread/INFO] [net.minecraft.client.renderer.texture.TextureAtlas/]: Created: 512x256x4 minecraft:textures/atlas/shulker_boxes.png-atlas
[181月2025 05:37:02.498] [Render thread/INFO] [net.minecraft.client.renderer.texture.TextureAtlas/]: Created: 512x256x4 minecraft:textures/atlas/beds.png-atlas
[181月2025 05:37:02.560] [Render thread/INFO] [net.minecraft.client.renderer.texture.TextureAtlas/]: Created: 512x256x0 minecraft:textures/atlas/particles.png-atlas
[181月2025 05:37:02.561] [Render thread/INFO] [net.minecraft.client.renderer.texture.TextureAtlas/]: Created: 512x256x0 minecraft:textures/atlas/paintings.png-atlas
[181月2025 05:37:02.561] [Render thread/INFO] [net.minecraft.client.renderer.texture.TextureAtlas/]: Created: 256x128x0 minecraft:textures/atlas/mob_effects.png-atlas
[181月2025 05:37:02.562] [Render thread/INFO] [net.minecraft.client.renderer.texture.TextureAtlas/]: Created: 64x64x0 minecraft:textures/atlas/map_decorations.png-atlas
[181月2025 05:37:02.562] [Render thread/INFO] [net.minecraft.client.renderer.texture.TextureAtlas/]: Created: 1024x1024x0 minecraft:textures/atlas/gui.png-atlas
[181月2025 05:37:02.586] [Render thread/WARN] [net.minecraft.client.renderer.ShaderInstance/]: Shader rendertype_entity_translucent_emissive could not find sampler named Sampler2 in the specified shader program.
[181月2025 05:37:02.625] [Render thread/WARN] [net.minecraft.client.renderer.EffectInstance/]: Shader anvilcraft:blur could not find uniform named InSize in the specified shader program.
[181月2025 05:37:02.625] [Render thread/WARN] [net.minecraft.client.renderer.EffectInstance/]: Shader anvilcraft:blur could not find uniform named InSize in the specified shader program.
[181月2025 05:37:02.625] [Render thread/WARN] [net.minecraft.client.renderer.EffectInstance/]: Shader anvilcraft:blur could not find uniform named InSize in the specified shader program.
[181月2025 05:37:02.627] [Render thread/WARN] [net.minecraft.client.renderer.EffectInstance/]: Shader anvilcraft:blur could not find uniform named InSize in the specified shader program.
[181月2025 05:37:02.627] [Render thread/WARN] [net.minecraft.client.renderer.EffectInstance/]: Shader anvilcraft:apply_bloom could not find uniform named InSize in the specified shader program.
[181月2025 05:37:02.640] [Render thread/WARN] [net.minecraft.client.renderer.ShaderInstance/]: Shader anvilcraft:rendertype_laser could not find sampler named Sampler2 in the specified shader program.
[181月2025 05:37:02.642] [Render thread/WARN] [net.minecraft.client.renderer.ShaderInstance/]: Shader anvilcraft:selection could not find uniform named AntiAliasingRadius in the specified shader program.
[181月2025 05:37:02.660] [Render thread/INFO] [net.minecraft.client.renderer.texture.TextureAtlas/]: Created: 256x256x0 jei:textures/atlas/gui.png-atlas
[181月2025 05:37:02.661] [Render thread/INFO] [patchouli/]: BookContentResourceListenerLoader preloaded 44 jsons
[181月2025 05:37:02.662] [Render thread/INFO] [net.neoforged.neoforge.client.entity.animation.json.AnimationLoader/]: Loaded 0 entity animations
[181月2025 05:37:18.150] [Render thread/INFO] [net.minecraft.client.Minecraft/]: Stopping!
[181月2025 05:37:18.180] [Render thread/INFO] [KubeJS/]: Closed KubeJS Virtual Resource Pack [Before Mods, assets]
[181月2025 05:37:18.180] [Render thread/INFO] [KubeJS/]: Closed KubeJS Virtual Resource Pack [Internal, assets]
[181月2025 05:37:18.180] [Render thread/INFO] [KubeJS/]: Closed KubeJS Virtual Resource Pack [After Mods, assets]
[181月2025 05:37:18.180] [Render thread/INFO] [KubeJS/]: Closed KubeJS Virtual Resource Pack [Last, assets]
